build/app/intermediates/manifest_merge_blame_file/debug/manifest-merger-blame-debug-report.txt
1<?xml version="1.0" encoding="utf-8"?>
2<manifest xmlns:android="http://schemas.android.com/apk/res/android"
3    package="com.example.uber_clone"
4    android:versionCode="1"
5    android:versionName="1.0.0" >
6
7    <uses-sdk
8        android:minSdkVersion="21"
9        android:targetSdkVersion="31" />
10    <!--
11         Flutter needs it to communicate with the running application
12         to allow setting breakpoints, to provide hot reload, etc.
13    -->
14    <uses-permission android:name="android.permission.INTERNET" />
14-->src\debug\AndroidManifest.xml:6:5-66
14-->src\debug\AndroidManifest.xml:6:22-64
15    <uses-permission android:name="android.permission.ACCESS_NETWORK_STATE" />
15-->[com.google.firebase:firebase-auth:21.0.8] AndroidManifest.xml:24:5-79
15-->[com.google.firebase:firebase-auth:21.0.8] AndroidManifest.xml:24:22-76
16
17    <application
18        android:name="android.app.Application"
19        android:appComponentFactory="androidx.core.app.CoreComponentFactory"
19-->[androidx.core:core:1.6.0] AndroidManifest.xml:24:18-86
20        android:debuggable="true"
21        android:icon="@mipmap/ic_launcher"
22        android:label="In Chat" >
23        <activity
24            android:name="com.example.uber_clone.MainActivity"
25            android:configChanges="orientation|keyboardHidden|keyboard|screenSize|smallestScreenSize|locale|layoutDirection|fontScale|screenLayout|density|uiMode"
26            android:exported="true"
27            android:hardwareAccelerated="true"
28            android:launchMode="singleTop"
29            android:theme="@style/LaunchTheme"
30            android:windowSoftInputMode="adjustResize" >
31
32            <!--
33                 Specifies an Android theme to apply to this Activity as soon as
34                 the Android process has started. This theme is visible to the user
35                 while the Flutter UI initializes. After that, this theme continues
36                 to determine the Window background behind the Flutter UI.
37            -->
38            <meta-data
39                android:name="io.flutter.embedding.android.NormalTheme"
40                android:resource="@style/NormalTheme" />
41
42            <intent-filter>
43                <action android:name="android.intent.action.MAIN" />
44
45                <category android:name="android.intent.category.LAUNCHER" />
46            </intent-filter>
47        </activity>
48        <!--
49             Don't delete the meta-data below.
50             This is used by the Flutter tool to generate GeneratedPluginRegistrant.java
51        -->
52        <meta-data
53            android:name="flutterEmbedding"
54            android:value="2" />
55
56        <service
56-->[:firebase_auth] AndroidManifest.xml:8:9-12:19
57            android:name="com.google.firebase.components.ComponentDiscoveryService"
57-->[:firebase_auth] AndroidManifest.xml:8:18-89
58            android:directBootAware="true"
58-->[com.google.firebase:firebase-common:20.1.2] AndroidManifest.xml:35:13-43
59            android:exported="false" >
59-->[com.google.firebase:firebase-auth:21.0.8] AndroidManifest.xml:66:13-37
60            <meta-data
60-->[:firebase_auth] AndroidManifest.xml:9:13-11:85
61                android:name="com.google.firebase.components:io.flutter.plugins.firebase.auth.FlutterFirebaseAuthRegistrar"
61-->[:firebase_auth] AndroidManifest.xml:10:17-124
62                android:value="com.google.firebase.components.ComponentRegistrar" />
62-->[:firebase_auth] AndroidManifest.xml:11:17-82
63            <meta-data
63-->[:firebase_database] AndroidManifest.xml:9:13-11:85
64                android:name="com.google.firebase.components:io.flutter.plugins.firebase.database.FlutterFirebaseAppRegistrar"
64-->[:firebase_database] AndroidManifest.xml:10:17-127
65                android:value="com.google.firebase.components.ComponentRegistrar" />
65-->[:firebase_database] AndroidManifest.xml:11:17-82
66            <meta-data
66-->[:cloud_firestore] AndroidManifest.xml:9:13-11:85
67                android:name="com.google.firebase.components:io.flutter.plugins.firebase.firestore.FlutterFirebaseFirestoreRegistrar"
67-->[:cloud_firestore] AndroidManifest.xml:10:17-134
68                android:value="com.google.firebase.components.ComponentRegistrar" />
68-->[:cloud_firestore] AndroidManifest.xml:11:17-82
69            <meta-data
69-->[:firebase_core] AndroidManifest.xml:9:13-11:85
70                android:name="com.google.firebase.components:io.flutter.plugins.firebase.core.FlutterFirebaseCoreRegistrar"
70-->[:firebase_core] AndroidManifest.xml:10:17-124
71                android:value="com.google.firebase.components.ComponentRegistrar" />
71-->[:firebase_core] AndroidManifest.xml:11:17-82
72            <meta-data
72-->[com.google.firebase:firebase-auth:21.0.8] AndroidManifest.xml:67:13-69:85
73                android:name="com.google.firebase.components:com.google.firebase.auth.FirebaseAuthRegistrar"
73-->[com.google.firebase:firebase-auth:21.0.8] AndroidManifest.xml:68:17-109
74                android:value="com.google.firebase.components.ComponentRegistrar" />
74-->[com.google.firebase:firebase-auth:21.0.8] AndroidManifest.xml:69:17-82
75            <meta-data
75-->[com.google.firebase:firebase-firestore:24.3.1] AndroidManifest.xml:20:13-22:85
76                android:name="com.google.firebase.components:com.google.firebase.firestore.FirestoreRegistrar"
76-->[com.google.firebase:firebase-firestore:24.3.1] AndroidManifest.xml:21:17-111
77                android:value="com.google.firebase.components.ComponentRegistrar" />
77-->[com.google.firebase:firebase-firestore:24.3.1] AndroidManifest.xml:22:17-82
78            <meta-data
78-->[com.google.firebase:firebase-database:20.0.6] AndroidManifest.xml:32:13-34:85
79                android:name="com.google.firebase.components:com.google.firebase.database.DatabaseRegistrar"
79-->[com.google.firebase:firebase-database:20.0.6] AndroidManifest.xml:33:17-109
80                android:value="com.google.firebase.components.ComponentRegistrar" />
80-->[com.google.firebase:firebase-database:20.0.6] AndroidManifest.xml:34:17-82
81        </service>
82
83        <uses-library
83-->[androidx.window:window:1.0.0-beta04] AndroidManifest.xml:25:9-27:40
84            android:name="androidx.window.extensions"
84-->[androidx.window:window:1.0.0-beta04] AndroidManifest.xml:26:13-54
85            android:required="false" />
85-->[androidx.window:window:1.0.0-beta04] AndroidManifest.xml:27:13-37
86        <uses-library
86-->[androidx.window:window:1.0.0-beta04] AndroidManifest.xml:28:9-30:40
87            android:name="androidx.window.sidecar"
87-->[androidx.window:window:1.0.0-beta04] AndroidManifest.xml:29:13-51
88            android:required="false" />
88-->[androidx.window:window:1.0.0-beta04] AndroidManifest.xml:30:13-37
89
90        <activity
90-->[com.google.firebase:firebase-auth:21.0.8] AndroidManifest.xml:27:9-44:20
91            android:name="com.google.firebase.auth.internal.GenericIdpActivity"
91-->[com.google.firebase:firebase-auth:21.0.8] AndroidManifest.xml:28:13-80
92            android:excludeFromRecents="true"
92-->[com.google.firebase:firebase-auth:21.0.8] AndroidManifest.xml:29:13-46
93            android:exported="true"
93-->[com.google.firebase:firebase-auth:21.0.8] AndroidManifest.xml:30:13-36
94            android:launchMode="singleTask"
94-->[com.google.firebase:firebase-auth:21.0.8] AndroidManifest.xml:31:13-44
95            android:theme="@android:style/Theme.Translucent.NoTitleBar" >
95-->[com.google.firebase:firebase-auth:21.0.8] AndroidManifest.xml:32:13-72
96            <intent-filter>
96-->[com.google.firebase:firebase-auth:21.0.8] AndroidManifest.xml:33:13-43:29
97                <action android:name="android.intent.action.VIEW" />
97-->[com.google.firebase:firebase-auth:21.0.8] AndroidManifest.xml:34:17-69
97-->[com.google.firebase:firebase-auth:21.0.8] AndroidManifest.xml:34:25-66
98
99                <category android:name="android.intent.category.DEFAULT" />
99-->[com.google.firebase:firebase-auth:21.0.8] AndroidManifest.xml:36:17-76
99-->[com.google.firebase:firebase-auth:21.0.8] AndroidManifest.xml:36:27-73
100                <category android:name="android.intent.category.BROWSABLE" />
100-->[com.google.firebase:firebase-auth:21.0.8] AndroidManifest.xml:37:17-78
100-->[com.google.firebase:firebase-auth:21.0.8] AndroidManifest.xml:37:27-75
101
102                <data
102-->[com.google.firebase:firebase-auth:21.0.8] AndroidManifest.xml:39:17-42:51
103                    android:host="firebase.auth"
103-->[com.google.firebase:firebase-auth:21.0.8] AndroidManifest.xml:40:21-49
104                    android:path="/"
104-->[com.google.firebase:firebase-auth:21.0.8] AndroidManifest.xml:41:21-37
105                    android:scheme="genericidp" />
105-->[com.google.firebase:firebase-auth:21.0.8] AndroidManifest.xml:42:21-48
106            </intent-filter>
107        </activity>
108        <activity
108-->[com.google.firebase:firebase-auth:21.0.8] AndroidManifest.xml:45:9-62:20
109            android:name="com.google.firebase.auth.internal.RecaptchaActivity"
109-->[com.google.firebase:firebase-auth:21.0.8] AndroidManifest.xml:46:13-79
110            android:excludeFromRecents="true"
110-->[com.google.firebase:firebase-auth:21.0.8] AndroidManifest.xml:47:13-46
111            android:exported="true"
111-->[com.google.firebase:firebase-auth:21.0.8] AndroidManifest.xml:48:13-36
112            android:launchMode="singleTask"
112-->[com.google.firebase:firebase-auth:21.0.8] AndroidManifest.xml:49:13-44
113            android:theme="@android:style/Theme.Translucent.NoTitleBar" >
113-->[com.google.firebase:firebase-auth:21.0.8] AndroidManifest.xml:50:13-72
114            <intent-filter>
114-->[com.google.firebase:firebase-auth:21.0.8] AndroidManifest.xml:51:13-61:29
115                <action android:name="android.intent.action.VIEW" />
115-->[com.google.firebase:firebase-auth:21.0.8] AndroidManifest.xml:34:17-69
115-->[com.google.firebase:firebase-auth:21.0.8] AndroidManifest.xml:34:25-66
116
117                <category android:name="android.intent.category.DEFAULT" />
117-->[com.google.firebase:firebase-auth:21.0.8] AndroidManifest.xml:36:17-76
117-->[com.google.firebase:firebase-auth:21.0.8] AndroidManifest.xml:36:27-73
118                <category android:name="android.intent.category.BROWSABLE" />
118-->[com.google.firebase:firebase-auth:21.0.8] AndroidManifest.xml:37:17-78
118-->[com.google.firebase:firebase-auth:21.0.8] AndroidManifest.xml:37:27-75
119
120                <data
120-->[com.google.firebase:firebase-auth:21.0.8] AndroidManifest.xml:39:17-42:51
121                    android:host="firebase.auth"
121-->[com.google.firebase:firebase-auth:21.0.8] AndroidManifest.xml:40:21-49
122                    android:path="/"
122-->[com.google.firebase:firebase-auth:21.0.8] AndroidManifest.xml:41:21-37
123                    android:scheme="recaptcha" />
123-->[com.google.firebase:firebase-auth:21.0.8] AndroidManifest.xml:42:21-48
124            </intent-filter>
125        </activity>
126
127        <provider
127-->[com.google.firebase:firebase-common:20.1.2] AndroidManifest.xml:26:9-31:39
128            android:name="com.google.firebase.provider.FirebaseInitProvider"
128-->[com.google.firebase:firebase-common:20.1.2] AndroidManifest.xml:27:13-77
129            android:authorities="com.example.uber_clone.firebaseinitprovider"
129-->[com.google.firebase:firebase-common:20.1.2] AndroidManifest.xml:28:13-72
130            android:directBootAware="true"
130-->[com.google.firebase:firebase-common:20.1.2] AndroidManifest.xml:29:13-43
131            android:exported="false"
131-->[com.google.firebase:firebase-common:20.1.2] AndroidManifest.xml:30:13-37
132            android:initOrder="100" />
132-->[com.google.firebase:firebase-common:20.1.2] AndroidManifest.xml:31:13-36
133
134        <activity
134-->[com.google.android.gms:play-services-base:18.0.1] AndroidManifest.xml:20:9-22:45
135            android:name="com.google.android.gms.common.api.GoogleApiActivity"
135-->[com.google.android.gms:play-services-base:18.0.1] AndroidManifest.xml:20:19-85
136            android:exported="false"
136-->[com.google.android.gms:play-services-base:18.0.1] AndroidManifest.xml:22:19-43
137            android:theme="@android:style/Theme.Translucent.NoTitleBar" />
137-->[com.google.android.gms:play-services-base:18.0.1] AndroidManifest.xml:21:19-78
138
139        <meta-data
139-->[com.google.android.gms:play-services-basement:18.1.0] AndroidManifest.xml:21:9-23:69
140            android:name="com.google.android.gms.version"
140-->[com.google.android.gms:play-services-basement:18.1.0] AndroidManifest.xml:22:13-58
141            android:value="@integer/google_play_services_version" />
141-->[com.google.android.gms:play-services-basement:18.1.0] AndroidManifest.xml:23:13-66
142    </application>
143
144</manifest>